<?xml version="1.0" encoding="UTF-8"?>
<!-- Generated by org.testng.reporters.JUnitXMLReporter -->
<testsuite hostname="SC-201806090819" tests="15" failures="0" timestamp="12 Aug 2018 17:20:00 GMT" time="3.051" errors="0">
  <testcase name="test01" time="0.0" classname="TestDemo2">
    <skipped/>
  </testcase> <!-- test01 -->
  <testcase name="test02" time="0.0" classname="TestDemo2">
    <skipped/>
  </testcase> <!-- test02 -->
  <testcase name="test03" time="0.003" classname="TestDemo2"/>
  <testcase name="test03" time="0.0" classname="TestDemo2"/>
  <testcase name="test03" time="0.0" classname="TestDemo2"/>
  <testcase name="test04" time="0.001" classname="TestDemo2"/>
  <testcase name="test04" time="0.0" classname="TestDemo2"/>
  <testcase name="test05" time="0.0" classname="TestDemo2"/>
  <testcase name="test05" time="0.0" classname="TestDemo2"/>
  <testcase name="test1" time="1.0" classname="TestDemo3"/>
  <testcase name="test2" time="1.001" classname="TestDemo3"/>
  <testcase name="test3" time="1.0" classname="TestDemo3"/>
  <testcase name="divisionWithException" time="0.001" classname="TestDeno"/>
  <testcase name="Test1" time="0.001" classname="TestWn01"/>
  <testcase name="Test2" time="0.0" classname="TestWn01"/>
</testsuite>
