<?xml version="1.0" encoding="UTF-8" ?>
<testsuite tests="15" failures="0" name="TestSuite" time="4.209" errors="0" skipped="2">
  <properties>
[...]
</properties>
  <testcase classname="TestDemo2" name="test01" time="0.599">
    <skipped/>
    <system-out>Configuring TestNG with: org.apache.maven.surefire.testng.conf.TestNG652Configurator@e2d56bf
BeforeSuite
BeforeTest
</system-out>
  </testcase>
  <testcase classname="TestDemo2" name="test02" time="0.599">
    <skipped/>
  </testcase>
  <testcase classname="TestDemo2" name="test03" time="0.003"/>
  <testcase classname="TestDemo2" name="test03" time="0"/>
  <testcase classname="TestDemo2" name="test03" time="0.001"/>
  <testcase classname="TestDemo2" name="test04" time="0"/>
  <testcase classname="TestDemo2" name="test04" time="0.001"/>
  <testcase classname="TestDemo2" name="test05" time="0.001"/>
  <testcase classname="TestDemo2" name="test05" time="0"/>
  <testcase classname="TestDemo3" name="test1" time="1.001"/>
  <testcase classname="TestDemo3" name="test2" time="1.001"/>
  <testcase classname="TestDemo3" name="test3" time="1"/>
  <testcase classname="TestDeno" name="divisionWithException" time="0.001"/>
  <testcase classname="TestWn01" name="Test1" time="0.001"/>
  <testcase classname="TestWn01" name="Test2" time="0.001"/>
</testsuite>